d:\work\марго материалы\5 сем\осисп\lab1\lab1\debug\vc141.pdb
d:\work\марго материалы\5 сем\осисп\lab1\lab1\debug\vc141.idb
d:\work\марго материалы\5 сем\осисп\lab1\lab1\debug\mymain.obj
d:\lab1\lab1\debug\vc141.pdb
d:\lab1\lab1\debug\vc141.idb
d:\lab1\lab1\debug\mymain.obj
d:\work\марго материалы\5 сем\осисп\lab1\lab1\debug\lab1.res
d:\lab1\lab1\debug\lab1.res
d:\lab1\debug\lab1.pdb
d:\lab1\lab1\debug\lab1.tlog\cl.command.1.tlog
d:\lab1\lab1\debug\lab1.tlog\cl.read.1.tlog
d:\lab1\lab1\debug\lab1.tlog\cl.write.1.tlog
d:\lab1\lab1\debug\lab1.tlog\link-cvtres.read.1.tlog
d:\lab1\lab1\debug\lab1.tlog\link-cvtres.write.1.tlog
d:\lab1\lab1\debug\lab1.tlog\link-rc.read.1.tlog
d:\lab1\lab1\debug\lab1.tlog\link-rc.write.1.tlog
d:\lab1\lab1\debug\lab1.tlog\link.12908-cvtres.read.1.tlog
d:\lab1\lab1\debug\lab1.tlog\link.12908-cvtres.write.1.tlog
d:\lab1\lab1\debug\lab1.tlog\link.12908-rc.read.1.tlog
d:\lab1\lab1\debug\lab1.tlog\link.12908-rc.write.1.tlog
d:\lab1\lab1\debug\lab1.tlog\link.12908.read.1.tlog
d:\lab1\lab1\debug\lab1.tlog\link.12908.write.1.tlog
d:\lab1\lab1\debug\lab1.tlog\link.command.1.tlog
d:\lab1\lab1\debug\lab1.tlog\link.read.1.tlog
d:\lab1\lab1\debug\lab1.tlog\link.write.1.tlog
d:\lab1\lab1\debug\lab1.tlog\rc.command.1.tlog
d:\lab1\lab1\debug\lab1.tlog\rc.read.1.tlog
d:\lab1\lab1\debug\lab1.tlog\rc.write.1.tlog
